<module>
	<source path='junit'/>
</module>